<?xml version="1.0" encoding="ISO-8859-1"?>
<!--
 ~ Copyright (c) 2022, WSO2 LLC. (https://www.wso2.com). All Rights Reserved.
 ~
 ~ This software is the property of WSO2 LLC. and its suppliers, if any.
 ~ Dissemination of any information or reproduction of any material contained
 ~ herein in any form is strictly forbidden, unless permitted by WSO2 expressly.
 ~ You may not alter or remove any copyright or other notice from copies of this content.
-->

<Configurations>
    <!--Sample Values: 3.0.0 -->
    <SolutionVersion>Solution.Version</SolutionVersion>

    <!--Sample Values: BG -->
    <OBSpec>OB.Spec</OBSpec>

    <!--Sample Values: 1.3.3/1.3.6 -->
    <ApiVersion>Api.Version</ApiVersion>
    <!-- Provisioning Info -->
    <Provisioning>
        <!--Sample Value: true/false (Enable if you want to publish and subscribe API via test cases in
                   common.integration.test package.)-->
        <Enabled>Provisioning.Enabled</Enabled>

        <!--Sample Value: <Path to ob-compliance-toolkit-berlin>/open-banking-test-suite/toolkit-uk-test/com.wso2.openbanking.toolkit.berlin.test/
         common.integration.test/src/test/resources/provisioningFiles/api-config-provisioning.yaml -->
        <ProvisionFilePath>Provisioning.ProvisionFilePath</ProvisionFilePath>
    </Provisioning>
    <!-- Server Info -->
    <Server>
        <!--Sample Value: https://<AM_HOST>:8243 -->
        <BaseURL>Server.BaseURL</BaseURL>

        <!--Sample Value: https://<AM_HOST>:9443 -->
        <GatewayURL>Server.GatewayURL</GatewayURL>

        <!--Sample Value: https://<IS_HOST>:9446 -->
        <AuthorisationServerURL>Server.AuthorisationServerURL</AuthorisationServerURL>
    </Server>

    <!-- Application List -->
    <ApplicationConfigList>
        <!-- Application 1 Details -->
        <AppConfig>
            <!-- Application Keystore -->
            <Application.KeyStore>
                <!--Absolute path + file name of JKS keystore file-->
                <!--Sample Value: <Path to ob-compliance-toolkit-berlin>/open-banking-test-suite/test-artifacts/
                berlin-certs/all-permissions/signing-certs/signing.jks -->
                <Location>AppConfig.Application.KeyStore.Location</Location>

                <!--Sample Value: tpp1-signing -->
                <Alias>AppConfig.Application.KeyStore.Alias</Alias>

                <!--Sample Value: wso2carbon -->
                <Password>AppConfig.Application.KeyStore.Password</Password>
                <DomainName>https://wso2.com</DomainName>

                <!--Sample Value: RGYaJepvEv1RX7D8M4nCWz-z2CI -->
                <SigningKid>AppConfig.Application.KeyStore.SigningKid</SigningKid>
            </Application.KeyStore>

            <!-- Transport Keystore and Truststore -->
            <!--This Keystore and the Truststore will be used during the SSL handshake-->
            <Transport>
                <!--Sample Value: true -->
                <MTLSEnabled>AppConfig.Transport.MTLSEnabled</MTLSEnabled>
                <!--A keystore and a truststore needs to be configured in the following section if MTLSEnabled is set to
                true-->
                <KeyStore>
                    <!--Absolute path + file name of keystore file.-->
                    <!--Sample Value: <Path to ob-compliance-toolkit-berlin>/open-banking-test-suite/test-artifacts/
                    berlin-certs/all-permissions/transport-certs/transport.jks -->
                    <Location>AppConfig.Transport.KeyStore.Location</Location>
                    <Type>jks</Type>

                    <!--Sample Value: wso2carbon -->
                    <Password>AppConfig.Transport.KeyStore.Password</Password>
                </KeyStore>
            </Transport>

            <!-- Application Info -->
            <Application>
                <ClientID>AppConfig.Application.ClientID</ClientID>
                <ClientSecret>AppConfig.Application.ClientSecret</ClientSecret>

                <!--Sample Value: https://www.google.com/redirects/redirect1 -->
                <RedirectURL>AppConfig.Application.RedirectURL</RedirectURL>
            </Application>
        </AppConfig>

        <!-- Application 2 Details -->
        <AppConfig>
            <!-- Application Keystore -->
            <Application.KeyStore>
                <!--Absolute path + file name of JKS keystore file-->
                <!--Sample Value: <Path to ob-compliance-toolkit-berlin>/open-banking-test-suite/test-artifacts/
                berlin-certs/aisp-role/signing-certs/signing.jks -->
                <Location>AppConfig2.Application.KeyStore.Location</Location>

                <!--Sample Value: tpp1-signing -->
                <Alias>AppConfig2.Application.KeyStore.Alias</Alias>

                <!--Sample Value: wso2carbon -->
                <Password>AppConfig2.Application.KeyStore.Password</Password>
                <DomainName>https://wso2.com</DomainName>
                <SigningKid>AppConfig2.Application.KeyStore.SigningKid</SigningKid>
            </Application.KeyStore>

            <!-- Transport Keystore and Truststore -->
            <!--This Keystore and the Truststore will be used during the SSL handshake-->
            <Transport>
                <!--Sample Value: true -->
                <MTLSEnabled>AppConfig2.Transport.MTLSEnabled</MTLSEnabled>
                <!--A keystore and a truststore needs to be configured in the following section if MTLSEnabled is set to
                true-->
                <KeyStore>
                    <!--Absolute path + file name of keystore file.-->
                    <!--Sample Value: <Path to ob-compliance-toolkit-berlin>/open-banking-test-suite/test-artifacts/
                    berlin-certs/aisp-role/transport-certs/transport.jks -->
                    <Location>AppConfig2.Transport.KeyStore.Location</Location>
                    <Type>jks</Type>

                    <!--Sample Value: wso2carbon -->
                    <Password>AppConfig2.Transport.KeyStore.Password</Password>
                </KeyStore>
            </Transport>

            <!-- Application Info -->
            <Application>
                <ClientID>AppConfig2.Application.ClientID</ClientID>
                <ClientSecret>AppConfig2.Application.ClientSecret</ClientSecret>
                <!--Sample Value: https://www.google.com/redirects/redirect1 -->
                <RedirectURL>AppConfig2.Application.RedirectURL</RedirectURL>
            </Application>
        </AppConfig>
    </ApplicationConfigList>

    <Transport>
        <Truststore>
            <!--Absolute path + file name of truststore file. We can point the product client-truststore.jks here.
            (Copy the client-truststore.jks in <AM_HOME>/repository/resources/security to
               <Path to ob-compliance-toolkit-berlin>/open-banking-test-suite/test-artifacts/client-truststore) -->
            <!--Sample Value: <Path to ob-compliance-toolkit-berlin>/open-banking-test-suite/test-artifacts/client-truststore/
            client-truststore.jks
           -->
            <Location>Transport.Truststore.Location</Location>
            <Type>jks</Type>

            <!--Sample Value: wso2carbon -->
            <Password>Transport.Truststore.Password</Password>
        </Truststore>
    </Transport>
    <!-- Non Regulatory Application Info -->
    <NonRegulatoryApplication>
        <ClientID>NonRegulatoryApplication.ClientID</ClientID>
        <ClientSecret>NonRegulatoryApplication.ClientSecret</ClientSecret>

        <!--Sample Value: https://www.google.com/redirects/redirect1 -->
        <RedirectURL>https://www.google.com/redirects/redirect1</RedirectURL>
    </NonRegulatoryApplication>
    <!-- PSU Info -->
    <PSUList>
        <!-- Common PSU Info -->
        <PSUInfo>
            <Psu>psu@wso2.com</Psu>
            <PsuPassword>wso2123</PsuPassword>
        </PSUInfo>
        <!-- Secondary PSU Info -->
        <PSUInfo>
            <Psu>admin@wso2.com</Psu>
            <PsuPassword>wso2123</PsuPassword>
        </PSUInfo>
    </PSUList>
    <!-- Publisher Info -->
    <PublisherInfo>
        <Publisher>admin@wso2.com</Publisher>
        <PublisherPassword>wso2123</PublisherPassword>
    </PublisherInfo>
    <!-- PSU Info -->
    <TPPInfo>
        <Tpp>admin@wso2.com</Tpp>
        <TppPassword>wso2123</TppPassword>
    </TPPInfo>
    <!-- Customer Care Info -->
    <CustomerCareInfo>
        <CustomerCareUser>ann@gold.com</CustomerCareUser>
        <CustomerCareUserPassword>wso2123</CustomerCareUserPassword>
    </CustomerCareInfo>
    <!-- Basic Auth Info -->
    <BasicAuthInfo>
        <BasicAuthUser>admin@wso2.com</BasicAuthUser>
        <BasicAuthUserPassword>wso2123</BasicAuthUserPassword>
    </BasicAuthInfo>
    <!-- Browser Automation -->
    <BrowserAutomation>
        <!--Eg: chrome/firefox-->
        <!--Sample Value: firefox/chrome-->
        <BrowserPreference>BrowserAutomation.BrowserPreference</BrowserPreference>

        <!--Sample Value: true/false-->
        <HeadlessEnabled>BrowserAutomation.HeadlessEnabled</HeadlessEnabled>

        <!--Sample Value from firefox: <Path to ob-compliance-toolkit-berlin>/open-banking-test-suite/test-artifacts/selenium-libs/geckodriver -->
        <!--Sample Value from chrome: <Path to ob-compliance-toolkit-berlin>/open-banking-test-suite/test-artifacts/selenium-libs/chromedriver -->
        <WebDriverLocation>BrowserAutomation.WebDriverLocation</WebDriverLocation>
    </BrowserAutomation>
    <!-- Common Configurations -->
    <Common>
        <!--Access token expire time in seconds-->
        <AccessTokenExpireTime>30</AccessTokenExpireTime>
        <TenantDomain>carbon.super</TenantDomain>

        <!--Sample Value: PS256 -->
        <SigningAlgorithm>Common.SigningAlgorithm</SigningAlgorithm>
        <KeyManager.Admin>
            <Username>admin@wso2.com</Username>
            <Password>wso2123</Password>
        </KeyManager.Admin>
    </Common>
    <ConsentApi>
        <!--Sample Value: <Path to ob-compliance-toolkit-berlin>/open-banking-test-suite/test-artifacts -->
        <AudienceValue>ConsentApi.AudienceValue</AudienceValue>
    </ConsentApi>
    <InternalApiContext>
        <Consent-Mgt>/api/openbanking/consent</Consent-Mgt>
        <Multi-Auth>/multi-auth-api/1.0.0</Multi-Auth> <!-- if 2.0.0 /api/openbanking/multi-auth-api/1.0.0 -->
    </InternalApiContext>
</Configurations>
